#
# A fatal error has been detected by the Java Runtime Environment:
#
#  Internal Error (sharedRuntime.cpp:532), pid=43704, tid=5891
#  Error: ShouldNotReachHere()
#
# JRE version: OpenJDK Runtime Environment Zulu16.28+11-CA (16.0+36) (build 16+36)
# Java VM: OpenJDK 64-Bit Server VM Zulu16.28+11-CA (16+36, mixed mode, tiered, compressed oops, g1 gc, bsd-aarch64)
# No core dump will be written. Core dumps have been disabled. To enable core dumping, try "ulimit -c unlimited" before starting Java again
#
# If you would like to submit a bug report, please visit:
#   http://www.azulsystems.com/support/
#

---------------  S U M M A R Y ------------

Command Line: -Dapplication.home=/Library/Java/JavaVirtualMachines/zulu-16.jdk/Contents/Home --add-modules=ALL-DEFAULT -Xms8m -Djdk.module.main=jdk.compiler jdk.compiler/com.sun.tools.javac.Main -d out/ src/Author.java src/Main.java src/Person.java

Host: MacBookPro17,1 arm64 1 MHz, 8 cores, 8G, Darwin 20.5.0, macOS 11.4 (20F71)
Time: Tue Jul 13 14:39:00 2021 CDT elapsed time: 0.130376 seconds (0d 0h 0m 0s)

---------------  T H R E A D  ---------------

Current thread (0x000000015080ae00):  JavaThread "main" [_thread_in_Java, id=5891, stack(0x000000016b0f0000,0x000000016b2f3000)]

Stack: [0x000000016b0f0000,0x000000016b2f3000],  sp=0x000000016b2f1750,  free space=2053k
Native frames: (J=compiled Java code, A=aot compiled Java code, j=interpreted, Vv=VM code, C=native code)
V  [libjvm.dylib+0x9abf04]  VMError::report_and_die(int, char const*, char const*, char*, Thread*, unsigned char*, void*, void*, char const*, int, unsigned long)+0x46c
V  [libjvm.dylib+0x9ac658]  VMError::report_and_die(Thread*, void*, char const*, int, char const*, char const*, char*)+0x40
V  [libjvm.dylib+0x2a9dd0]  report_vm_error(char const*, int, char const*, char const*, ...)+0x5c
V  [libjvm.dylib+0x2a9fa4]  report_should_not_reach_here(char const*, int)+0x2c
V  [libjvm.dylib+0x81388c]  SharedRuntime::raw_exception_handler_for_return_address(JavaThread*, unsigned char*)+0x178
V  [libjvm.dylib+0x813930]  SharedRuntime::exception_handler_for_return_address(JavaThread*, unsigned char*)+0x28
v  ~StubRoutines::forward exception
j  java.lang.Class.forName(Ljava/lang/String;ZLjava/lang/ClassLoader;)Ljava/lang/Class;+43 java.base@16
j  java.util.ResourceBundle$3.run()Ljava/lang/Class;+9 java.base@16
j  java.util.ResourceBundle$3.run()Ljava/lang/Object;+1 java.base@16
j  java.security.AccessController.executePrivileged(Ljava/security/PrivilegedAction;Ljava/security/AccessControlContext;Ljava/lang/Class;)Ljava/lang/Object;+29 java.base@16
j  java.security.AccessController.doPrivileged(Ljava/security/PrivilegedAction;)Ljava/lang/Object;+5 java.base@16
j  java.util.ResourceBundle.getResourceBundleProviderType(Ljava/lang/String;Ljava/lang/ClassLoader;)Ljava/lang/Class;+85 java.base@16
j  java.util.ResourceBundle.getServiceLoader(Ljava/lang/Module;Ljava/lang/String;)Ljava/util/ServiceLoader;+16 java.base@16
j  java.util.ResourceBundle$CacheKey.getProviders()Ljava/util/ServiceLoader;+16 java.base@16
j  java.util.ResourceBundle$CacheKey.hasProviders()Z+1 java.base@16
j  java.util.ResourceBundle.loadBundle(Ljava/util/ResourceBundle$CacheKey;Ljava/util/List;Ljava/util/ResourceBundle$Control;Ljava/lang/Module;Ljava/lang/Module;)Ljava/util/ResourceBundle;+16 java.base@16
j  java.util.ResourceBundle.findBundle(Ljava/lang/Module;Ljava/lang/Module;Ljava/util/ResourceBundle$CacheKey;Ljava/util/List;Ljava/util/List;ILjava/util/ResourceBundle$Control;Ljava/util/ResourceBundle;)Ljava/util/ResourceBundle;+249 java.base@16
j  java.util.ResourceBundle.findBundle(Ljava/lang/Module;Ljava/lang/Module;Ljava/util/ResourceBundle$CacheKey;Ljava/util/List;Ljava/util/List;ILjava/util/ResourceBundle$Control;Ljava/util/ResourceBundle;)Ljava/util/ResourceBundle;+43 java.base@16
j  java.util.ResourceBundle.findBundle(Ljava/lang/Module;Ljava/lang/Module;Ljava/util/ResourceBundle$CacheKey;Ljava/util/List;Ljava/util/List;ILjava/util/ResourceBundle$Control;Ljava/util/ResourceBundle;)Ljava/util/ResourceBundle;+43 java.base@16
j  java.util.ResourceBundle.getBundleImpl(Ljava/lang/Module;Ljava/lang/Module;Ljava/lang/String;Ljava/util/Locale;Ljava/util/ResourceBundle$Control;)Ljava/util/ResourceBundle;+196 java.base@16
j  java.util.ResourceBundle.getBundleImpl(Ljava/lang/String;Ljava/util/Locale;Ljava/lang/Class;Ljava/lang/ClassLoader;Ljava/util/ResourceBundle$Control;)Ljava/util/ResourceBundle;+45 java.base@16
j  java.util.ResourceBundle.getBundleImpl(Ljava/lang/String;Ljava/util/Locale;Ljava/lang/Class;Ljava/util/ResourceBundle$Control;)Ljava/util/ResourceBundle;+8 java.base@16
j  java.util.ResourceBundle.getBundle(Ljava/lang/String;Ljava/util/Locale;)Ljava/util/ResourceBundle;+12 java.base@16
j  com.sun.tools.javac.util.JavacMessages.lambda$add$0(Ljava/lang/String;Ljava/util/Locale;)Ljava/util/ResourceBundle;+2 jdk.compiler@16
j  com.sun.tools.javac.util.JavacMessages$$Lambda$20+0x000000030008d738.getResourceBundle(Ljava/util/Locale;)Ljava/util/ResourceBundle;+5 jdk.compiler@16
j  com.sun.tools.javac.util.JavacMessages.getBundles(Ljava/util/Locale;)Lcom/sun/tools/javac/util/List;+92 jdk.compiler@16
j  com.sun.tools.javac.util.JavacMessages.setCurrentLocale(Ljava/util/Locale;)V+11 jdk.compiler@16
j  com.sun.tools.javac.util.JavacMessages.<init>(Ljava/lang/String;Ljava/util/Locale;)V+29 jdk.compiler@16
j  com.sun.tools.javac.util.JavacMessages.<init>(Lcom/sun/tools/javac/util/Context;)V+12 jdk.compiler@16
j  com.sun.tools.javac.util.JavacMessages.instance(Lcom/sun/tools/javac/util/Context;)Lcom/sun/tools/javac/util/JavacMessages;+20 jdk.compiler@16
j  com.sun.tools.javac.util.JCDiagnostic$Factory.<init>(Lcom/sun/tools/javac/util/Context;)V+2 jdk.compiler@16
j  com.sun.tools.javac.util.JCDiagnostic$Factory.instance(Lcom/sun/tools/javac/util/Context;)Lcom/sun/tools/javac/util/JCDiagnostic$Factory;+20 jdk.compiler@16
j  com.sun.tools.javac.util.Log.<init>(Lcom/sun/tools/javac/util/Context;Ljava/util/Map;)V+2 jdk.compiler@16
j  com.sun.tools.javac.util.Log.<init>(Lcom/sun/tools/javac/util/Context;)V+6 jdk.compiler@16
j  com.sun.tools.javac.util.Log.instance(Lcom/sun/tools/javac/util/Context;)Lcom/sun/tools/javac/util/Log;+20 jdk.compiler@16
j  com.sun.tools.javac.main.Main.compile([Ljava/lang/String;Lcom/sun/tools/javac/util/Context;)Lcom/sun/tools/javac/main/Main$Result;+38 jdk.compiler@16
j  com.sun.tools.javac.main.Main.compile([Ljava/lang/String;)Lcom/sun/tools/javac/main/Main$Result;+15 jdk.compiler@16
j  com.sun.tools.javac.Main.compile([Ljava/lang/String;)I+12 jdk.compiler@16
j  com.sun.tools.javac.Main.main([Ljava/lang/String;)V+1 jdk.compiler@16
v  ~StubRoutines::call_stub
V  [libjvm.dylib+0x43f718]  JavaCalls::call_helper(JavaValue*, methodHandle const&, JavaCallArguments*, Thread*)+0x30c
V  [libjvm.dylib+0x4a115c]  jni_invoke_static(JNIEnv_*, JavaValue*, _jobject*, JNICallType, _jmethodID*, JNI_ArgumentPusher*, Thread*)+0x120
V  [libjvm.dylib+0x4a4570]  jni_CallStaticVoidMethod+0x120
C  [libjli.dylib+0x5430]  JavaMain+0x9d4
C  [libjli.dylib+0x778c]  ThreadJavaMain+0xc
C  [libsystem_pthread.dylib+0x7878]  _pthread_start+0x140


---------------  P R O C E S S  ---------------

Threads class SMR info:
_java_thread_list=0x000000014fe44210, length=11, elements={
0x000000015080ae00, 0x0000000150889600, 0x0000000150011600, 0x000000015088ce00,
0x000000015088d400, 0x000000015088da00, 0x000000015088e000, 0x0000000150013e00,
0x0000000150014400, 0x000000015088e600, 0x0000000150015200
}

Java Threads: ( => current thread )
=>0x000000015080ae00 JavaThread "main" [_thread_in_Java, id=5891, stack(0x000000016b0f0000,0x000000016b2f3000)]
  0x0000000150889600 JavaThread "Reference Handler" daemon [_thread_blocked, id=14083, stack(0x000000016bf44000,0x000000016c147000)]
  0x0000000150011600 JavaThread "Finalizer" daemon [_thread_blocked, id=15875, stack(0x000000016c150000,0x000000016c353000)]
  0x000000015088ce00 JavaThread "Signal Dispatcher" daemon [_thread_blocked, id=22019, stack(0x000000016c474000,0x000000016c677000)]
  0x000000015088d400 JavaThread "Service Thread" daemon [_thread_blocked, id=41987, stack(0x000000016c680000,0x000000016c883000)]
  0x000000015088da00 JavaThread "Monitor Deflation Thread" daemon [_thread_blocked, id=41475, stack(0x000000016c88c000,0x000000016ca8f000)]
  0x000000015088e000 JavaThread "C2 CompilerThread0" daemon [_thread_blocked, id=40963, stack(0x000000016ca98000,0x000000016cc9b000)]
  0x0000000150013e00 JavaThread "C1 CompilerThread0" daemon [_thread_blocked, id=40707, stack(0x000000016cca4000,0x000000016cea7000)]
  0x0000000150014400 JavaThread "Sweeper thread" daemon [_thread_blocked, id=22787, stack(0x000000016ceb0000,0x000000016d0b3000)]
  0x000000015088e600 JavaThread "Common-Cleaner" daemon [_thread_blocked, id=23299, stack(0x000000016d0bc000,0x000000016d2bf000)]
  0x0000000150015200 JavaThread "Notification Thread" daemon [_thread_blocked, id=40451, stack(0x000000016d2c8000,0x000000016d4cb000)]

Other Threads:
  0x000000014ff4c320 VMThread "VM Thread" [stack: 0x000000016bd38000,0x000000016bf3b000] [id=16899]
  0x000000014fe44ac0 WatcherThread [stack: 0x000000016d4d4000,0x000000016d6d7000] [id=39939]
  0x000000014ff207e0 GCTaskThread "GC Thread#0" [stack: 0x000000016b2fc000,0x000000016b4ff000] [id=19715]
  0x000000014fe13b30 ConcurrentGCThread "G1 Main Marker" [stack: 0x000000016b508000,0x000000016b70b000] [id=19459]
  0x000000014ff21300 ConcurrentGCThread "G1 Conc#0" [stack: 0x000000016b714000,0x000000016b917000] [id=18947]
  0x000000014ff25450 ConcurrentGCThread "G1 Refine#0" [stack: 0x000000016b920000,0x000000016bb23000] [id=18179]
  0x000000014ff262e0 ConcurrentGCThread "G1 Service" [stack: 0x000000016bb2c000,0x000000016bd2f000] [id=13315]

Threads with active compile tasks:

VM state: not at safepoint (normal execution)

VM Mutex/Monitor currently owned by a thread: None

Heap address: 0x0000000740000000, size: 2048 MB, Compressed Oops mode: Zero based, Oop shift amount: 3
Compressed class space mapped at: 0x0000000300000000-0x0000000340000000, reserved size: 1073741824
Narrow klass base: 0x0000000000000000, Narrow klass shift: 3, Narrow klass range: 0x340000000

GC Precious Log:
 CPUs: 8 total, 8 available
 Memory: 8192M
 Large Page Support: Disabled
 NUMA Support: Disabled
 Compressed Oops: Enabled (Zero based)
 Heap Region Size: 1M
 Heap Min Capacity: 8M
 Heap Initial Capacity: 8M
 Heap Max Capacity: 2G
 Pre-touch: Disabled
 Parallel Workers: 8
 Concurrent Workers: 2
 Concurrent Refinement Workers: 8
 Periodic GC: Disabled

Heap:
 garbage-first heap   total 8192K, used 2048K [0x0000000740000000, 0x00000007c0000000)
  region size 1024K, 3 young (3072K), 0 survivors (0K)
 Metaspace       used 6528K, committed 6720K, reserved 1056768K
  class space    used 588K, committed 640K, reserved 1048576K

Heap Regions: E=young(eden), S=young(survivor), O=old, HS=humongous(starts), HC=humongous(continues), CS=collection set, F=free, OA=open archive, CA=closed archive, TAMS=top-at-mark-start (previous, next)
|   0|0x0000000740000000, 0x0000000740000000, 0x0000000740100000|  0%| F|  |TAMS 0x0000000740000000, 0x0000000740000000| Untracked 
|   1|0x0000000740100000, 0x0000000740100000, 0x0000000740200000|  0%| F|  |TAMS 0x0000000740100000, 0x0000000740100000| Untracked 
|   2|0x0000000740200000, 0x0000000740200000, 0x0000000740300000|  0%| F|  |TAMS 0x0000000740200000, 0x0000000740200000| Untracked 
|   3|0x0000000740300000, 0x0000000740300000, 0x0000000740400000|  0%| F|  |TAMS 0x0000000740300000, 0x0000000740300000| Untracked 
|   4|0x0000000740400000, 0x0000000740400000, 0x0000000740500000|  0%| F|  |TAMS 0x0000000740400000, 0x0000000740400000| Untracked 
|   5|0x0000000740500000, 0x000000074051f3e0, 0x0000000740600000| 12%| E|  |TAMS 0x0000000740500000, 0x0000000740500000| Complete 
|   6|0x0000000740600000, 0x0000000740700000, 0x0000000740700000|100%| E|CS|TAMS 0x0000000740600000, 0x0000000740600000| Complete 
|   7|0x0000000740700000, 0x0000000740800000, 0x0000000740800000|100%| E|CS|TAMS 0x0000000740700000, 0x0000000740700000| Complete 

Card table byte_map: [0x0000000121f68000,0x0000000122368000] _byte_map_base: 0x000000011e568000

Marking Bits (Prev, Next): (CMBitMap*) 0x0000000150009010, (CMBitMap*) 0x0000000150009050
 Prev Bits: [0x0000000122768000, 0x0000000124768000)
 Next Bits: [0x0000000124768000, 0x0000000126768000)

Polling page: 0x0000000104e2c000

Metaspace:

Usage:
  Non-class:      5.80 MB used.
      Class:    588.33 KB used.
       Both:      6.38 MB used.

Virtual space:
  Non-class space:        8.00 MB reserved,       5.94 MB ( 74%) committed,  1 nodes.
      Class space:        1.00 GB reserved,     640.00 KB ( <1%) committed,  1 nodes.
              Both:        1.01 GB reserved,       6.56 MB ( <1%) committed. 

Chunk freelists:
   Non-Class:  2.05 MB
       Class:  3.19 MB
        Both:  5.23 MB

MaxMetaspaceSize: 17179869184.00 GB
CompressedClassSpaceSize: 1.00 GB
 - commit_granule_bytes: 65536.
 - commit_granule_words: 8192.
 - virtual_space_node_default_size: 1048576.
 - enlarge_chunks_in_place: 1.
 - new_chunks_are_fully_committed: 0.
 - uncommit_free_chunks: 1.
 - use_allocation_guard: 0.
 - handle_deallocations: 1.


Internal statistics:

num_allocs_failed_limit: 0.
num_arena_births: 52.
num_arena_deaths: 0.
num_vsnodes_births: 2.
num_vsnodes_deaths: 0.
num_space_committed: 105.
num_space_uncommitted: 0.
num_chunks_returned_to_freelist: 0.
num_chunks_taken_from_freelist: 93.
num_chunk_merges: 0.
num_chunk_splits: 53.
num_chunks_enlarged: 36.
num_purges: 0.

CodeHeap 'non-profiled nmethods': size=120032Kb used=77Kb max_used=77Kb free=119954Kb
 bounds [0x000000011aa30000, 0x000000011aca0000, 0x0000000121f68000]
CodeHeap 'profiled nmethods': size=120016Kb used=437Kb max_used=437Kb free=119579Kb
 bounds [0x00000001134fc000, 0x000000011376c000, 0x000000011aa30000]
CodeHeap 'non-nmethods': size=5712Kb used=1045Kb max_used=1073Kb free=4666Kb
 bounds [0x0000000112f68000, 0x00000001131d8000, 0x00000001134fc000]
 total_blobs=634 nmethods=297 adapters=254
 compilation: enabled
              stopped_count=0, restarted_count=0
 full_count=0

Compilation events (20 events):
Event: 0.127 Thread 0x0000000150013e00  288       3       jdk.internal.jimage.ImageLocation::getAttribute (44 bytes)
Event: 0.127 Thread 0x0000000150013e00 nmethod 288 0x0000000113565410 code [0x0000000113565680, 0x0000000113565e08]
Event: 0.128 Thread 0x0000000150013e00  289       3       java.util.Optional::<init> (10 bytes)
Event: 0.128 Thread 0x0000000150013e00 nmethod 289 0x0000000113566110 code [0x00000001135662c0, 0x00000001135664a8]
Event: 0.128 Thread 0x0000000150013e00  290       3       jdk.internal.jimage.ImageStringsReader::get (9 bytes)
Event: 0.128 Thread 0x0000000150013e00 nmethod 290 0x0000000113566590 code [0x0000000113566740, 0x0000000113566958]
Event: 0.128 Thread 0x0000000150013e00  291       3       jdk.internal.jimage.BasicImageReader::getString (49 bytes)
Event: 0.128 Thread 0x0000000150013e00 nmethod 291 0x0000000113566a10 code [0x0000000113566c00, 0x0000000113566f78]
Event: 0.128 Thread 0x0000000150013e00  292       3       jdk.internal.jimage.ImageStringsReader::stringFromByteBuffer (28 bytes)
Event: 0.128 Thread 0x0000000150013e00 nmethod 292 0x0000000113567110 code [0x0000000113567300, 0x0000000113567728]
Event: 0.128 Thread 0x0000000150013e00  293       3       java.nio.MappedByteBuffer::rewind (5 bytes)
Event: 0.128 Thread 0x0000000150013e00 nmethod 293 0x0000000113567890 code [0x0000000113567a40, 0x0000000113567ca8]
Event: 0.128 Thread 0x0000000150013e00  294       3       java.nio.MappedByteBuffer::rewind (7 bytes)
Event: 0.128 Thread 0x0000000150013e00 nmethod 294 0x0000000113567e10 code [0x0000000113567fc0, 0x00000001135681e8]
Event: 0.128 Thread 0x0000000150013e00  295       3       java.nio.ByteBuffer::rewind (7 bytes)
Event: 0.129 Thread 0x0000000150013e00 nmethod 295 0x0000000113568310 code [0x00000001135684c0, 0x0000000113568668]
Event: 0.129 Thread 0x0000000150013e00  296       3       jdk.internal.org.objectweb.asm.Handler::getExceptionTableLength (21 bytes)
Event: 0.129 Thread 0x0000000150013e00 nmethod 296 0x0000000113568710 code [0x00000001135688c0, 0x0000000113568a68]
Event: 0.130 Thread 0x0000000150013e00  297       3       jdk.internal.misc.Unsafe::allocateUninitializedArray (55 bytes)
Event: 0.130 Thread 0x0000000150013e00 nmethod 297 0x0000000113568b90 code [0x0000000113568dc0, 0x0000000113569228]

GC Heap History (0 events):
No events

Deoptimization events (0 events):
No events

Classes unloaded (0 events):
No events

Classes redefined (0 events):
No events

Internal exceptions (18 events):
Event: 0.074 Thread 0x000000015080ae00 Exception <a 'java/lang/NoSuchMethodError'{0x0000000740786b30}: 'int java.lang.invoke.DirectMethodHandle$Holder.invokeStatic(java.lang.Object, java.lang.Object)'> (0x0000000740786b30) 
thrown [src/hotspot/share/interpreter/linkResolver.cpp, line 790]
Event: 0.075 Thread 0x000000015080ae00 Exception <a 'java/lang/NoSuchMethodError'{0x000000074078ffc0}: 'java.lang.Object java.lang.invoke.Invokers$Holder.invokeExact_MT(java.lang.Object, java.lang.Object, java.lang.Object, java.lang.Object, java.lang.Object, java.lang.Object, java.lang.Object, java.lang.Object)'> (0x000000074078ffc0) 
thrown [src/hotspot/share/interpreter/linkResolver.cpp, line 790]
Event: 0.078 Thread 0x000000015080ae00 Exception <a 'java/lang/NoSuchMethodError'{0x000000074079c2c0}: 'java.lang.Object java.lang.invoke.DirectMethodHandle$Holder.invokeStatic(java.lang.Object, java.lang.Object, java.lang.Object)'> (0x000000074079c2c0) 
thrown [src/hotspot/share/interpreter/linkResolver.cpp, line 790]
Event: 0.078 Thread 0x000000015080ae00 Exception <a 'java/lang/NoSuchMethodError'{0x00000007407b4a00}: 'java.lang.Object java.lang.invoke.DirectMethodHandle$Holder.getReference(java.lang.Object, java.lang.Object)'> (0x00000007407b4a00) 
thrown [src/hotspot/share/interpreter/linkResolver.cpp, line 790]
Event: 0.079 Thread 0x000000015080ae00 Exception <a 'java/lang/NoSuchMethodError'{0x00000007407b8db8}: 'java.lang.Object java.lang.invoke.LambdaForm$Holder.identity_L(java.lang.Object, java.lang.Object)'> (0x00000007407b8db8) 
thrown [src/hotspot/share/interpreter/linkResolver.cpp, line 790]
Event: 0.079 Thread 0x000000015080ae00 Exception <a 'java/lang/NoSuchMethodError'{0x00000007407bbcf8}: 'java.lang.Object java.lang.invoke.LambdaForm$Holder.zero_L(java.lang.Object)'> (0x00000007407bbcf8) 
thrown [src/hotspot/share/interpreter/linkResolver.cpp, line 790]
Event: 0.082 Thread 0x000000015080ae00 Exception <a 'java/lang/NoSuchMethodError'{0x00000007407c3718}: 'java.lang.Object java.lang.invoke.DirectMethodHandle$Holder.invokeSpecial(java.lang.Object, java.lang.Object)'> (0x00000007407c3718) 
thrown [src/hotspot/share/interpreter/linkResolver.cpp, line 790]
Event: 0.082 Thread 0x000000015080ae00 Exception <a 'java/lang/NoSuchMethodError'{0x00000007407c6d50}: 'java.lang.Object java.lang.invoke.Invokers$Holder.linkToTargetMethod(java.lang.Object)'> (0x00000007407c6d50) 
thrown [src/hotspot/share/interpreter/linkResolver.cpp, line 790]
Event: 0.083 Thread 0x000000015080ae00 Exception <a 'java/lang/NoSuchMethodError'{0x00000007407d4268}: 'java.lang.Object java.lang.invoke.DirectMethodHandle$Holder.newInvokeSpecial(java.lang.Object, java.lang.Object)'> (0x00000007407d4268) 
thrown [src/hotspot/share/interpreter/linkResolver.cpp, line 790]
Event: 0.083 Thread 0x000000015080ae00 Exception <a 'java/lang/NoSuchMethodError'{0x00000007407d7f90}: 'java.lang.Object java.lang.invoke.DirectMethodHandle$Holder.invokeSpecial(java.lang.Object, java.lang.Object, java.lang.Object)'> (0x00000007407d7f90) 
thrown [src/hotspot/share/interpreter/linkResolver.cpp, line 790]
Event: 0.083 Thread 0x000000015080ae00 Exception <a 'java/lang/NoSuchMethodError'{0x00000007407db478}: 'java.lang.Object java.lang.invoke.Invokers$Holder.linkToTargetMethod(java.lang.Object, java.lang.Object)'> (0x00000007407db478) 
thrown [src/hotspot/share/interpreter/linkResolver.cpp, line 790]
Event: 0.084 Thread 0x000000015080ae00 Exception <a 'java/lang/NoSuchMethodError'{0x00000007407df020}: 'java.lang.Object java.lang.invoke.DirectMethodHandle$Holder.invokeVirtual(java.lang.Object, java.lang.Object)'> (0x00000007407df020) 
thrown [src/hotspot/share/interpreter/linkResolver.cpp, line 790]
Event: 0.085 Thread 0x000000015080ae00 Exception <a 'java/lang/NoSuchMethodError'{0x00000007407e6340}: 'java.lang.Object java.lang.invoke.DirectMethodHandle$Holder.newInvokeSpecial(java.lang.Object)'> (0x00000007407e6340) 
thrown [src/hotspot/share/interpreter/linkResolver.cpp, line 790]
Event: 0.085 Thread 0x000000015080ae00 Exception <a 'java/lang/NoSuchMethodError'{0x00000007407ec030}: 'int java.lang.invoke.DirectMethodHandle$Holder.invokeInterface(java.lang.Object, java.lang.Object, java.lang.Object)'> (0x00000007407ec030) 
thrown [src/hotspot/share/interpreter/linkResolver.cpp, line 790]
Event: 0.086 Thread 0x000000015080ae00 Exception <a 'java/lang/NoSuchMethodError'{0x00000007407f5498}: 'java.lang.Object java.lang.invoke.DirectMethodHandle$Holder.invokeStatic(java.lang.Object, java.lang.Object)'> (0x00000007407f5498) 
thrown [src/hotspot/share/interpreter/linkResolver.cpp, line 790]
Event: 0.088 Thread 0x000000015080ae00 Exception <a 'java/lang/NoSuchMethodError'{0x00000007407fe750}: 'int java.lang.invoke.DirectMethodHandle$Holder.invokeSpecial(java.lang.Object, java.lang.Object)'> (0x00000007407fe750) 
thrown [src/hotspot/share/interpreter/linkResolver.cpp, line 790]
Event: 0.121 Thread 0x000000015080ae00 Exception <a 'java/lang/NoSuchMethodError'{0x00000007406c5060}: 'int java.lang.invoke.DirectMethodHandle$Holder.invokeStatic(java.lang.Object, int)'> (0x00000007406c5060) 
thrown [src/hotspot/share/interpreter/linkResolver.cpp, line 790]
Event: 0.124 Thread 0x000000015080ae00 Exception <a 'java/lang/NoSuchMethodError'{0x00000007406ece38}: 'java.lang.Object java.lang.invoke.DirectMethodHandle$Holder.invokeStatic(java.lang.Object)'> (0x00000007406ece38) 
thrown [src/hotspot/share/interpreter/linkResolver.cpp, line 790]

Events (20 events):
Event: 0.129 loading class java/util/ResourceBundle$Control$CandidateListCache
Event: 0.129 loading class sun/util/locale/LocaleObjectCache
Event: 0.130 loading class sun/util/locale/LocaleObjectCache done
Event: 0.130 loading class java/util/ResourceBundle$Control$CandidateListCache done
Event: 0.130 loading class java/util/ResourceBundle$CacheKey
Event: 0.130 loading class java/util/ResourceBundle$CacheKey done
Event: 0.130 loading class java/util/ResourceBundle$KeyElementReference
Event: 0.130 loading class java/util/ResourceBundle$CacheKeyReference
Event: 0.130 loading class java/util/ResourceBundle$CacheKeyReference done
Event: 0.130 loading class java/util/ResourceBundle$KeyElementReference done
Event: 0.130 loading class java/util/LinkedList
Event: 0.130 loading class java/util/AbstractSequentialList
Event: 0.130 loading class java/util/AbstractSequentialList done
Event: 0.130 loading class java/util/LinkedList done
Event: 0.130 loading class java/util/LinkedList$Node
Event: 0.130 loading class java/util/LinkedList$Node done
Event: 0.130 loading class sun/util/locale/LocaleObjectCache$CacheEntry
Event: 0.130 loading class sun/util/locale/LocaleObjectCache$CacheEntry done
Event: 0.130 loading class java/util/ResourceBundle$3
Event: 0.130 loading class java/util/ResourceBundle$3 done


Dynamic libraries:
0x0000000192211000 	/usr/lib/libz.1.dylib
0x0000000104dc0000 	/Library/Java/JavaVirtualMachines/zulu-16.jdk/Contents/Home/lib/libjli.dylib
0x000000019c71b000 	/System/Library/Frameworks/Cocoa.framework/Versions/A/Cocoa
0x000000018a65e000 	/System/Library/Frameworks/Security.framework/Versions/A/Security
0x000000019aa89000 	/System/Library/Frameworks/ApplicationServices.framework/Versions/A/ApplicationServices
0x00000001922b7000 	/usr/lib/libSystem.B.dylib
0x00000001922b1000 	/usr/lib/system/libcache.dylib
0x0000000192270000 	/usr/lib/system/libcommonCrypto.dylib
0x000000019229a000 	/usr/lib/system/libcompiler_rt.dylib
0x0000000192291000 	/usr/lib/system/libcopyfile.dylib
0x00000001885d4000 	/usr/lib/system/libcorecrypto.dylib
0x0000000188674000 	/usr/lib/system/libdispatch.dylib
0x000000018882d000 	/usr/lib/system/libdyld.dylib
0x00000001922a7000 	/usr/lib/system/libkeymgr.dylib
0x00000001956d8000 	/usr/lib/system/liblaunch.dylib
0x0000000192252000 	/usr/lib/system/libmacho.dylib
0x0000000191ac4000 	/usr/lib/system/libquarantine.dylib
0x00000001922a4000 	/usr/lib/system/libremovefile.dylib
0x000000018d0ba000 	/usr/lib/system/libsystem_asl.dylib
0x0000000188582000 	/usr/lib/system/libsystem_blocks.dylib
0x00000001886f6000 	/usr/lib/system/libsystem_c.dylib
0x000000019229e000 	/usr/lib/system/libsystem_collections.dylib
0x00000001910fe000 	/usr/lib/system/libsystem_configuration.dylib
0x0000000190481000 	/usr/lib/system/libsystem_containermanager.dylib
0x0000000192027000 	/usr/lib/system/libsystem_coreservices.dylib
0x000000018ac35000 	/usr/lib/system/libsystem_darwin.dylib
0x00000001922a8000 	/usr/lib/system/libsystem_dnssd.dylib
0x00000001886f3000 	/usr/lib/system/libsystem_featureflags.dylib
0x0000000188876000 	/usr/lib/system/libsystem_info.dylib
0x0000000192223000 	/usr/lib/system/libsystem_m.dylib
0x0000000188648000 	/usr/lib/system/libsystem_malloc.dylib
0x000000018d055000 	/usr/lib/system/libsystem_networkextension.dylib
0x000000018b078000 	/usr/lib/system/libsystem_notify.dylib
0x0000000197b86000 	/usr/lib/system/libsystem_product_info_filter.dylib
0x0000000191103000 	/usr/lib/system/libsystem_sandbox.dylib
0x00000001922a1000 	/usr/lib/system/libsystem_secinit.dylib
0x00000001887ec000 	/usr/lib/system/libsystem_kernel.dylib
0x000000018886f000 	/usr/lib/system/libsystem_platform.dylib
0x0000000188820000 	/usr/lib/system/libsystem_pthread.dylib
0x000000018e627000 	/usr/lib/system/libsystem_symptoms.dylib
0x00000001885bc000 	/usr/lib/system/libsystem_trace.dylib
0x000000019227e000 	/usr/lib/system/libunwind.dylib
0x0000000188584000 	/usr/lib/system/libxpc.dylib
0x00000001887d4000 	/usr/lib/libc++abi.dylib
0x00000001886b9000 	/usr/lib/libobjc.A.dylib
0x0000000192289000 	/usr/lib/liboah.dylib
0x0000000188778000 	/usr/lib/libc++.1.dylib
0x00000001888a2000 	/System/Library/Frameworks/CoreFoundation.framework/Versions/A/CoreFoundation
0x0000000189669000 	/System/Library/Frameworks/Foundation.framework/Versions/C/Foundation
0x000000018b0d2000 	/System/Library/Frameworks/AppKit.framework/Versions/C/AppKit
0x000000018def0000 	/System/Library/Frameworks/CoreData.framework/Versions/A/CoreData
0x000000018be12000 	/System/Library/PrivateFrameworks/UIFoundation.framework/Versions/A/UIFoundation
0x0000000197918000 	/System/Library/PrivateFrameworks/RemoteViewServices.framework/Versions/A/RemoteViewServices
0x0000000190b32000 	/System/Library/PrivateFrameworks/XCTTargetBootstrap.framework/Versions/A/XCTTargetBootstrap
0x0000000193471000 	/usr/lib/libspindump.dylib
0x000000018c039000 	/System/Library/Frameworks/UniformTypeIdentifiers.framework/Versions/A/UniformTypeIdentifiers
0x000000018f11a000 	/usr/lib/libapp_launch_measurement.dylib
0x000000018f11d000 	/System/Library/PrivateFrameworks/CoreAutoLayout.framework/Versions/A/CoreAutoLayout
0x00000001904af000 	/System/Library/Frameworks/Metal.framework/Versions/A/Metal
0x000000019110e000 	/usr/lib/liblangid.dylib
0x0000000190b36000 	/System/Library/PrivateFrameworks/CoreSVG.framework/Versions/A/CoreSVG
0x000000018d0ec000 	/System/Library/PrivateFrameworks/SkyLight.framework/Versions/A/SkyLight
0x000000018d457000 	/System/Library/Frameworks/CoreGraphics.framework/Versions/A/CoreGraphics
0x0000000197e38000 	/System/Library/Frameworks/Accelerate.framework/Versions/A/Accelerate
0x0000000192ecb000 	/System/Library/PrivateFrameworks/IconServices.framework/Versions/A/IconServices
0x0000000190493000 	/System/Library/Frameworks/IOSurface.framework/Versions/A/IOSurface
0x000000018e7be000 	/usr/lib/libDiagnosticMessagesClient.dylib
0x0000000190b1a000 	/System/Library/PrivateFrameworks/DFRFoundation.framework/Versions/A/DFRFoundation
0x000000018a9c3000 	/usr/lib/libicucore.A.dylib
0x00000001949c2000 	/System/Library/Frameworks/AudioToolbox.framework/Versions/A/AudioToolbox
0x0000000193bd7000 	/System/Library/PrivateFrameworks/DataDetectorsCore.framework/Versions/A/DataDetectorsCore
0x000000018d067000 	/usr/lib/libMobileGestalt.dylib
0x000000019080f000 	/System/Library/Frameworks/Carbon.framework/Versions/A/Frameworks/HIToolbox.framework/Versions/A/HIToolbox
0x000000018ebb9000 	/System/Library/Frameworks/QuartzCore.framework/Versions/A/QuartzCore
0x0000000197950000 	/System/Library/Frameworks/Carbon.framework/Versions/A/Frameworks/SpeechRecognition.framework/Versions/A/SpeechRecognition
0x000000018eeb8000 	/System/Library/PrivateFrameworks/CoreUI.framework/Versions/A/CoreUI
0x000000018a043000 	/System/Library/Frameworks/CoreAudio.framework/Versions/A/CoreAudio
0x000000018e8a7000 	/System/Library/Frameworks/DiskArbitration.framework/Versions/A/DiskArbitration
0x0000000193824000 	/System/Library/PrivateFrameworks/MultitouchSupport.framework/Versions/A/MultitouchSupport
0x0000000193bce000 	/System/Library/PrivateFrameworks/InternationalSupport.framework/Versions/A/InternationalSupport
0x000000018d065000 	/usr/lib/libenergytrace.dylib
0x000000018afac000 	/System/Library/Frameworks/IOKit.framework/Versions/A/IOKit
0x0000000197c7b000 	/System/Library/Frameworks/CoreServices.framework/Versions/A/CoreServices
0x000000018f0b0000 	/System/Library/PrivateFrameworks/PerformanceAnalysis.framework/Versions/A/PerformanceAnalysis
0x00000001ca81c000 	/System/Library/Frameworks/OpenGL.framework/Versions/A/OpenGL
0x0000000193c4c000 	/System/Library/PrivateFrameworks/UserActivity.framework/Versions/A/UserActivity
0x000000018da45000 	/System/Library/Frameworks/ColorSync.framework/Versions/A/ColorSync
0x0000000190d80000 	/System/Library/Frameworks/CoreImage.framework/Versions/A/CoreImage
0x0000000189e73000 	/System/Library/Frameworks/CoreText.framework/Versions/A/CoreText
0x0000000190b61000 	/System/Library/Frameworks/ImageIO.framework/Versions/A/ImageIO
0x00000001922bd000 	/System/Library/PrivateFrameworks/SoftLinking.framework/Versions/A/SoftLinking
0x000000018f160000 	/usr/lib/libxml2.2.dylib
0x000000019253d000 	/usr/lib/libcompression.dylib
0x0000000193b1a000 	/System/Library/PrivateFrameworks/TextureIO.framework/Versions/A/TextureIO
0x0000000192c28000 	/usr/lib/libate.dylib
0x0000000192a71000 	/usr/lib/liblzma.5.dylib
0x000000018937e000 	/System/Library/Frameworks/SystemConfiguration.framework/Versions/A/SystemConfiguration
0x00000001922b9000 	/usr/lib/libfakelink.dylib
0x000000018cbcc000 	/System/Library/Frameworks/CFNetwork.framework/Versions/A/CFNetwork
0x0000000192403000 	/usr/lib/libarchive.2.dylib
0x0000000189406000 	/usr/lib/libCRFSuite.dylib
0x0000000191aee000 	/usr/lib/libbsm.0.dylib
0x000000018c483000 	/usr/lib/libnetwork.dylib
0x00000001922be000 	/usr/lib/libpcap.A.dylib
0x000000018e61f000 	/usr/lib/libdns_services.dylib
0x0000000192a8a000 	/usr/lib/libcoretls_cfhelpers.dylib
0x000000019250c000 	/usr/lib/libapple_nghttp2.dylib
0x0000000192258000 	/usr/lib/system/libkxld.dylib
0x000000018e2b0000 	/usr/lib/libsqlite3.dylib
0x000000019200a000 	/System/Library/PrivateFrameworks/AppleFSCompression.framework/Versions/A/AppleFSCompression
0x0000000191ad7000 	/usr/lib/libcoretls.dylib
0x0000000192538000 	/usr/lib/libpam.2.dylib
0x0000000192b71000 	/usr/lib/libxar.1.dylib
0x000000019110a000 	/System/Library/PrivateFrameworks/AppleSystemInfo.framework/Versions/A/AppleSystemInfo
0x0000000191727000 	/System/Library/PrivateFrameworks/IOMobileFramebuffer.framework/Versions/A/IOMobileFramebuffer
0x000000019201a000 	/usr/lib/libbz2.1.0.dylib
0x00000001922fa000 	/usr/lib/libiconv.2.dylib
0x0000000192251000 	/usr/lib/libcharset.1.dylib
0x000000018f0e9000 	/System/Library/Frameworks/CoreServices.framework/Versions/A/Frameworks/FSEvents.framework/Versions/A/FSEvents
0x000000018ac40000 	/System/Library/Frameworks/CoreServices.framework/Versions/A/Frameworks/CarbonCore.framework/Versions/A/CarbonCore
0x000000018e80d000 	/System/Library/Frameworks/CoreServices.framework/Versions/A/Frameworks/Metadata.framework/Versions/A/Metadata
0x000000019202c000 	/System/Library/Frameworks/CoreServices.framework/Versions/A/Frameworks/OSServices.framework/Versions/A/OSServices
0x0000000192474000 	/System/Library/Frameworks/CoreServices.framework/Versions/A/Frameworks/SearchKit.framework/Versions/A/SearchKit
0x000000018e5ab000 	/System/Library/Frameworks/CoreServices.framework/Versions/A/Frameworks/AE.framework/Versions/A/AE
0x0000000188d51000 	/System/Library/Frameworks/CoreServices.framework/Versions/A/Frameworks/LaunchServices.framework/Versions/A/LaunchServices
0x0000000192a1e000 	/System/Library/Frameworks/CoreServices.framework/Versions/A/Frameworks/DictionaryServices.framework/Versions/A/DictionaryServices
0x000000018f0f6000 	/System/Library/Frameworks/CoreServices.framework/Versions/A/Frameworks/SharedFileList.framework/Versions/A/SharedFileList
0x0000000191ac7000 	/usr/lib/libCheckFix.dylib
0x000000018d0d2000 	/System/Library/PrivateFrameworks/TCC.framework/Versions/A/TCC
0x0000000191110000 	/System/Library/PrivateFrameworks/CoreNLP.framework/Versions/A/CoreNLP
0x000000018e7c1000 	/System/Library/PrivateFrameworks/MetadataUtilities.framework/Versions/A/MetadataUtilities
0x000000018943a000 	/usr/lib/libmecabra.dylib
0x0000000191dad000 	/System/Library/Frameworks/MLCompute.framework/Versions/A/MLCompute
0x0000000191aff000 	/usr/lib/libmecab.dylib
0x0000000191b45000 	/usr/lib/libgermantok.dylib
0x00000001924e5000 	/usr/lib/libThaiTokenizer.dylib
0x0000000192bad000 	/usr/lib/libChineseTokenizer.dylib
0x0000000192536000 	/System/Library/Frameworks/MetalPerformanceShaders.framework/Versions/A/MetalPerformanceShaders
0x000000018e8ae000 	/System/Library/Frameworks/Accelerate.framework/Versions/A/Frameworks/vImage.framework/Versions/A/vImage
0x0000000197c59000 	/System/Library/Frameworks/Accelerate.framework/Versions/A/Frameworks/vecLib.framework/Versions/A/vecLib
0x0000000192bb8000 	/System/Library/Frameworks/Accelerate.framework/Versions/A/Frameworks/vecLib.framework/Versions/A/libvMisc.dylib
0x0000000191665000 	/System/Library/Frameworks/Accelerate.framework/Versions/A/Frameworks/vecLib.framework/Versions/A/libvDSP.dylib
0x0000000189064000 	/System/Library/Frameworks/Accelerate.framework/Versions/A/Frameworks/vecLib.framework/Versions/A/libBLAS.dylib
0x0000000192561000 	/System/Library/Frameworks/Accelerate.framework/Versions/A/Frameworks/vecLib.framework/Versions/A/libLAPACK.dylib
0x0000000191b4a000 	/System/Library/Frameworks/Accelerate.framework/Versions/A/Frameworks/vecLib.framework/Versions/A/libLinearAlgebra.dylib
0x0000000192523000 	/System/Library/Frameworks/Accelerate.framework/Versions/A/Frameworks/vecLib.framework/Versions/A/libSparseBLAS.dylib
0x000000019255c000 	/System/Library/Frameworks/Accelerate.framework/Versions/A/Frameworks/vecLib.framework/Versions/A/libQuadrature.dylib
0x00000001911a6000 	/System/Library/Frameworks/Accelerate.framework/Versions/A/Frameworks/vecLib.framework/Versions/A/libBNNS.dylib
0x000000018931a000 	/System/Library/Frameworks/Accelerate.framework/Versions/A/Frameworks/vecLib.framework/Versions/A/libSparse.dylib
0x0000000191099000 	/System/Library/Frameworks/MetalPerformanceShaders.framework/Versions/A/Frameworks/MPSCore.framework/Versions/A/MPSCore
0x0000000191f82000 	/System/Library/Frameworks/MetalPerformanceShaders.framework/Versions/A/Frameworks/MPSImage.framework/Versions/A/MPSImage
0x0000000191b5f000 	/System/Library/Frameworks/MetalPerformanceShaders.framework/Versions/A/Frameworks/MPSNeuralNetwork.framework/Versions/A/MPSNeuralNetwork
0x0000000191f00000 	/System/Library/Frameworks/MetalPerformanceShaders.framework/Versions/A/Frameworks/MPSMatrix.framework/Versions/A/MPSMatrix
0x0000000191d63000 	/System/Library/Frameworks/MetalPerformanceShaders.framework/Versions/A/Frameworks/MPSRayIntersector.framework/Versions/A/MPSRayIntersector
0x0000000191f2f000 	/System/Library/Frameworks/MetalPerformanceShaders.framework/Versions/A/Frameworks/MPSNDArray.framework/Versions/A/MPSNDArray
0x0000000188f8a000 	/System/Library/PrivateFrameworks/MetalTools.framework/Versions/A/MetalTools
0x0000000191108000 	/System/Library/PrivateFrameworks/AggregateDictionary.framework/Versions/A/AggregateDictionary
0x000000018e78b000 	/System/Library/PrivateFrameworks/CoreAnalytics.framework/Versions/A/CoreAnalytics
0x00000001924e7000 	/System/Library/PrivateFrameworks/AppleSauce.framework/Versions/A/AppleSauce
0x00000001904a5000 	/System/Library/PrivateFrameworks/IOAccelerator.framework/Versions/A/IOAccelerator
0x00000001ca80f000 	/System/Library/Frameworks/OpenGL.framework/Versions/A/Libraries/libCoreFSCache.dylib
0x00000001899f6000 	/System/Library/PrivateFrameworks/LanguageModeling.framework/Versions/A/LanguageModeling
0x0000000191714000 	/System/Library/PrivateFrameworks/CoreEmoji.framework/Versions/A/CoreEmoji
0x000000019119e000 	/System/Library/PrivateFrameworks/LinguisticData.framework/Versions/A/LinguisticData
0x00000001892cf000 	/System/Library/PrivateFrameworks/Lexicon.framework/Versions/A/Lexicon
0x00000001923f0000 	/usr/lib/libcmph.dylib
0x000000018f0c9000 	/System/Library/Frameworks/OpenDirectory.framework/Versions/A/Frameworks/CFOpenDirectory.framework/Versions/A/CFOpenDirectory
0x000000018f0bb000 	/System/Library/Frameworks/OpenDirectory.framework/Versions/A/OpenDirectory
0x0000000192a8c000 	/System/Library/PrivateFrameworks/APFS.framework/Versions/A/APFS
0x0000000191a30000 	/System/Library/Frameworks/SecurityFoundation.framework/Versions/A/SecurityFoundation
0x0000000192b7f000 	/usr/lib/libutil.dylib
0x000000018af70000 	/System/Library/PrivateFrameworks/CoreServicesStore.framework/Versions/A/CoreServicesStore
0x0000000191abe000 	/System/Library/Frameworks/ServiceManagement.framework/Versions/A/ServiceManagement
0x0000000192b83000 	/usr/lib/libxslt.1.dylib
0x0000000191ab4000 	/System/Library/PrivateFrameworks/BackgroundTaskManagement.framework/Versions/A/BackgroundTaskManagement
0x0000000193a69000 	/System/Library/Frameworks/ImageIO.framework/Versions/A/Resources/libRadiance.dylib
0x0000000193a72000 	/System/Library/Frameworks/ImageIO.framework/Versions/A/Resources/libJPEG.dylib
0x00000001939c1000 	/System/Library/Frameworks/ImageIO.framework/Versions/A/Resources/libPng.dylib
0x00000001939e8000 	/System/Library/Frameworks/ImageIO.framework/Versions/A/Resources/libTIFF.dylib
0x0000000193ac3000 	/System/Library/Frameworks/ImageIO.framework/Versions/A/Resources/libGIF.dylib
0x000000019373e000 	/System/Library/Frameworks/ImageIO.framework/Versions/A/Resources/libJP2.dylib
0x0000000192e95000 	/usr/lib/libexpat.1.dylib
0x00000001936fa000 	/System/Library/PrivateFrameworks/AppleJPEG.framework/Versions/A/AppleJPEG
0x00000001906b6000 	/System/Library/PrivateFrameworks/FontServices.framework/libFontParser.dylib
0x000000018e55d000 	/System/Library/PrivateFrameworks/RunningBoardServices.framework/Versions/A/RunningBoardServices
0x000000019cc4a000 	/System/Library/PrivateFrameworks/IOSurfaceAccelerator.framework/Versions/A/IOSurfaceAccelerator
0x0000000193820000 	/System/Library/PrivateFrameworks/WatchdogClient.framework/Versions/A/WatchdogClient
0x0000000189ae6000 	/System/Library/Frameworks/CoreDisplay.framework/Versions/A/CoreDisplay
0x00000001905be000 	/System/Library/Frameworks/CoreMedia.framework/Versions/A/CoreMedia
0x000000018f24d000 	/System/Library/Frameworks/CoreVideo.framework/Versions/A/CoreVideo
0x000000019385d000 	/System/Library/Frameworks/VideoToolbox.framework/Versions/A/VideoToolbox
0x000000018e4da000 	/System/Library/PrivateFrameworks/BaseBoard.framework/Versions/A/BaseBoard
0x0000000192fd2000 	/System/Library/PrivateFrameworks/PersistentConnection.framework/Versions/A/PersistentConnection
0x000000018e299000 	/System/Library/PrivateFrameworks/ProtocolBuffer.framework/Versions/A/ProtocolBuffer
0x000000018e4c3000 	/System/Library/PrivateFrameworks/CommonUtilities.framework/Versions/A/CommonUtilities
0x00000001936bf000 	/System/Library/PrivateFrameworks/Bom.framework/Versions/A/Bom
0x0000000193a64000 	/System/Library/PrivateFrameworks/GPUWrangler.framework/Versions/A/GPUWrangler
0x0000000193a45000 	/System/Library/PrivateFrameworks/IOPresentment.framework/Versions/A/IOPresentment
0x0000000193a6c000 	/System/Library/PrivateFrameworks/DSExternalDisplay.framework/Versions/A/DSExternalDisplay
0x0000000193ac8000 	/System/Library/PrivateFrameworks/CMCaptureCore.framework/Versions/A/CMCaptureCore
0x000000019345a000 	/System/Library/PrivateFrameworks/AppServerSupport.framework/Versions/A/AppServerSupport
0x0000000195492000 	/System/Library/PrivateFrameworks/perfdata.framework/Versions/A/perfdata
0x0000000191a20000 	/System/Library/PrivateFrameworks/AssertionServices.framework/Versions/A/AssertionServices
0x0000000189c09000 	/System/Library/PrivateFrameworks/AudioToolboxCore.framework/Versions/A/AudioToolboxCore
0x000000019059e000 	/System/Library/PrivateFrameworks/caulk.framework/Versions/A/caulk
0x00000001a4260000 	/System/Library/PrivateFrameworks/SystemPolicy.framework/Versions/A/SystemPolicy
0x0000000192cba000 	/usr/lib/libIOReport.dylib
0x0000000194d2e000 	/usr/lib/libSMC.dylib
0x000000019398e000 	/usr/lib/libAudioToolboxUtility.dylib
0x00000001a4be5000 	/usr/lib/libmis.dylib
0x00000001ca871000 	/System/Library/Frameworks/OpenGL.framework/Versions/A/Libraries/libGLU.dylib
0x00000001ca82f000 	/System/Library/Frameworks/OpenGL.framework/Versions/A/Libraries/libGFXShared.dylib
0x00000001caa17000 	/System/Library/Frameworks/OpenGL.framework/Versions/A/Libraries/libGL.dylib
0x00000001ca838000 	/System/Library/Frameworks/OpenGL.framework/Versions/A/Libraries/libGLImage.dylib
0x00000001ca82c000 	/System/Library/Frameworks/OpenGL.framework/Versions/A/Libraries/libCVMSPluginSupport.dylib
0x00000001ca816000 	/System/Library/Frameworks/OpenGL.framework/Versions/A/Libraries/libCoreVMClient.dylib
0x000000019b78e000 	/System/Library/PrivateFrameworks/ASEProcessing.framework/Versions/A/ASEProcessing
0x0000000192ff9000 	/System/Library/PrivateFrameworks/GraphVisualizer.framework/Versions/A/GraphVisualizer
0x0000000193007000 	/System/Library/PrivateFrameworks/FaceCore.framework/Versions/A/FaceCore
0x000000019341a000 	/System/Library/PrivateFrameworks/OTSVG.framework/Versions/A/OTSVG
0x000000018ee76000 	/System/Library/Frameworks/ApplicationServices.framework/Versions/A/Frameworks/ATS.framework/Versions/A/Resources/libFontRegistry.dylib
0x0000000193462000 	/System/Library/PrivateFrameworks/FontServices.framework/libhvf.dylib
0x00000001cabb2000 	/System/Library/Frameworks/OpenCL.framework/Versions/A/OpenCL
0x0000000192e49000 	/System/Library/PrivateFrameworks/AppleVA.framework/Versions/A/AppleVA
0x0000000194b7a000 	/System/Library/Frameworks/ApplicationServices.framework/Versions/A/Frameworks/ATS.framework/Versions/A/ATS
0x0000000194e8d000 	/System/Library/Frameworks/ApplicationServices.framework/Versions/A/Frameworks/ColorSyncLegacy.framework/Versions/A/ColorSyncLegacy
0x000000018db3b000 	/System/Library/Frameworks/ApplicationServices.framework/Versions/A/Frameworks/HIServices.framework/Versions/A/HIServices
0x0000000194e6c000 	/System/Library/Frameworks/ApplicationServices.framework/Versions/A/Frameworks/LangAnalysis.framework/Versions/A/LangAnalysis
0x0000000193ad2000 	/System/Library/Frameworks/ApplicationServices.framework/Versions/A/Frameworks/PrintCore.framework/Versions/A/PrintCore
0x0000000194e95000 	/System/Library/Frameworks/ApplicationServices.framework/Versions/A/Frameworks/QD.framework/Versions/A/QD
0x0000000194b66000 	/System/Library/Frameworks/ApplicationServices.framework/Versions/A/Frameworks/SpeechSynthesis.framework/Versions/A/SpeechSynthesis
0x0000000193a93000 	/System/Library/Frameworks/ApplicationServices.framework/Versions/A/Frameworks/ATSUI.framework/Versions/A/ATSUI
0x0000000194e0e000 	/usr/lib/libcups.2.dylib
0x0000000194e80000 	/System/Library/PrivateFrameworks/NetAuth.framework/Versions/A/NetAuth
0x00000001954ac000 	/System/Library/Frameworks/Kerberos.framework/Versions/A/Kerberos
0x00000001954bd000 	/System/Library/Frameworks/GSS.framework/Versions/A/GSS
0x0000000194be9000 	/usr/lib/libresolv.9.dylib
0x0000000193478000 	/System/Library/PrivateFrameworks/Heimdal.framework/Versions/A/Heimdal
0x000000019ad79000 	/System/Library/Frameworks/Kerberos.framework/Versions/A/Libraries/libHeimdalProxy.dylib
0x000000018e62f000 	/System/Library/Frameworks/Network.framework/Versions/A/Network
0x0000000192eaf000 	/usr/lib/libheimdal-asn1.dylib
0x0000000195505000 	/System/Library/PrivateFrameworks/CommonAuth.framework/Versions/A/CommonAuth
0x000000018f2a1000 	/System/Library/PrivateFrameworks/login.framework/Versions/A/Frameworks/loginsupport.framework/Versions/A/loginsupport
0x0000000194aeb000 	/System/Library/PrivateFrameworks/AudioSession.framework/Versions/A/AudioSession
0x0000000194b53000 	/usr/lib/libAudioStatistics.dylib
0x0000000192f2f000 	/System/Library/PrivateFrameworks/MediaExperience.framework/Versions/A/MediaExperience
0x000000019498c000 	/System/Library/PrivateFrameworks/AudioSession.framework/libSessionUtility.dylib
0x000000019549e000 	/usr/lib/libperfcheck.dylib
0x0000000194ea1000 	/System/Library/PrivateFrameworks/AudioResourceArbitration.framework/Versions/A/AudioResourceArbitration
0x0000000192eb8000 	/System/Library/PrivateFrameworks/IconFoundation.framework/Versions/A/IconFoundation
0x0000000197940000 	/System/Library/PrivateFrameworks/SpeechRecognitionCore.framework/Versions/A/SpeechRecognitionCore
0x0000000109800000 	/Library/Java/JavaVirtualMachines/zulu-16.jdk/Contents/Home/lib/server/libjvm.dylib
0x0000000104e18000 	/Library/Java/JavaVirtualMachines/zulu-16.jdk/Contents/Home/lib/libjimage.dylib
0x0000000104e7c000 	/Library/Java/JavaVirtualMachines/zulu-16.jdk/Contents/Home/lib/libjava.dylib
0x0000000104ed0000 	/Library/Java/JavaVirtualMachines/zulu-16.jdk/Contents/Home/lib/libnio.dylib
0x0000000104ef0000 	/Library/Java/JavaVirtualMachines/zulu-16.jdk/Contents/Home/lib/libnet.dylib


VM Arguments:
jvm_args: -Dapplication.home=/Library/Java/JavaVirtualMachines/zulu-16.jdk/Contents/Home --add-modules=ALL-DEFAULT -Xms8m -Djdk.module.main=jdk.compiler 
java_command: jdk.compiler/com.sun.tools.javac.Main -d out/ src/Author.java src/Main.java src/Person.java
java_class_path (initial): <not set>
Launcher Type: SUN_STANDARD

[Global flags]
     intx CICompilerCount                          = 4                                         {product} {ergonomic}
     uint ConcGCThreads                            = 2                                         {product} {ergonomic}
     uint G1ConcRefinementThreads                  = 8                                         {product} {ergonomic}
   size_t G1HeapRegionSize                         = 1048576                                   {product} {ergonomic}
    uintx GCDrainStackTargetSize                   = 64                                        {product} {ergonomic}
   size_t InitialHeapSize                          = 8388608                                   {product} {command line}
   size_t MarkStackSize                            = 4194304                                   {product} {ergonomic}
   size_t MaxHeapSize                              = 2147483648                                {product} {ergonomic}
   size_t MaxNewSize                               = 1287651328                                {product} {ergonomic}
   size_t MinHeapDeltaBytes                        = 1048576                                   {product} {ergonomic}
   size_t MinHeapSize                              = 8388608                                   {product} {command line}
    uintx NonNMethodCodeHeapSize                   = 5839564                                {pd product} {ergonomic}
    uintx NonProfiledCodeHeapSize                  = 122909338                              {pd product} {ergonomic}
    uintx ProfiledCodeHeapSize                     = 122909338                              {pd product} {ergonomic}
    uintx ReservedCodeCacheSize                    = 251658240                              {pd product} {ergonomic}
     bool SegmentedCodeCache                       = true                                      {product} {ergonomic}
   size_t SoftMaxHeapSize                          = 2147483648                             {manageable} {ergonomic}
     bool UseCompressedClassPointers               = true                           {product lp64_product} {ergonomic}
     bool UseCompressedOops                        = true                           {product lp64_product} {ergonomic}
     bool UseG1GC                                  = true                                      {product} {ergonomic}
     bool UseNUMA                                  = false                                     {product} {ergonomic}
     bool UseNUMAInterleaving                      = false                                     {product} {ergonomic}

Logging:
Log output configuration:
 #0: stdout all=warning uptime,level,tags
 #1: stderr all=off uptime,level,tags

Environment Variables:
PATH=/opt/homebrew/bin:/usr/local/bin:/usr/bin:/bin:/usr/sbin:/sbin
SHELL=/bin/zsh
LC_CTYPE=en_US.UTF-8

Signal Handlers:
SIGSEGV: [libjvm.dylib+0x9ace24], sa_mask[0]=11100110000111110111111111111111, sa_flags=SA_ONSTACK|SA_RESTART|SA_SIGINFO
SIGBUS: [libjvm.dylib+0x9ace24], sa_mask[0]=11100110000111110111111111111111, sa_flags=SA_RESTART|SA_SIGINFO
SIGFPE: [libjvm.dylib+0x9ace24], sa_mask[0]=11100110000111110111111111111111, sa_flags=SA_RESTART|SA_SIGINFO
SIGPIPE: [libjvm.dylib+0x896640], sa_mask[0]=11100110000111110111111111111111, sa_flags=SA_RESTART|SA_SIGINFO
SIGXFSZ: [libjvm.dylib+0x896640], sa_mask[0]=11100110000111110111111111111111, sa_flags=SA_RESTART|SA_SIGINFO
SIGILL: [libjvm.dylib+0x9ace24], sa_mask[0]=11100110000111110111111111111111, sa_flags=SA_RESTART|SA_SIGINFO
SIGUSR2: [libjvm.dylib+0x897078], sa_mask[0]=00000000000000000000000000000000, sa_flags=SA_RESTART|SA_SIGINFO
SIGHUP: [libjvm.dylib+0x8956f0], sa_mask[0]=11100110000111110111111111111111, sa_flags=SA_RESTART|SA_SIGINFO
SIGINT: [libjvm.dylib+0x8956f0], sa_mask[0]=11100110000111110111111111111111, sa_flags=SA_RESTART|SA_SIGINFO
SIGTERM: [libjvm.dylib+0x8956f0], sa_mask[0]=11100110000111110111111111111111, sa_flags=SA_RESTART|SA_SIGINFO
SIGQUIT: [libjvm.dylib+0x8956f0], sa_mask[0]=11100110000111110111111111111111, sa_flags=SA_RESTART|SA_SIGINFO
SIGTRAP: [libjvm.dylib+0x9ace24], sa_mask[0]=11100110000111110111111111111111, sa_flags=SA_RESTART|SA_SIGINFO


---------------  S Y S T E M  ---------------

OS:uname: Darwin 20.5.0 Darwin Kernel Version 20.5.0: Sat May  8 05:10:31 PDT 2021; root:xnu-7195.121.3~9/RELEASE_ARM64_T8101 arm64
OS uptime: 12 days 5:05 hours
rlimit (soft/hard): STACK 8176k/65520k , CORE 0k/infinity , NPROC 1333/2000 , NOFILE 10240/infinity , AS infinity/infinity , CPU infinity/infinity , DATA infinity/infinity , FSIZE infinity/infinity , MEMLOCK infinity/infinity , RSS infinity/infinity
load average: 1.88 1.95 1.98

CPU: total 8 (initial active 8) 0x61:0x0:0x1b588bb3:0, simd, crc, lse

Memory: 16k page, physical 8388608k(67664k free), swap 3145728k(1584128k free)

vm_info: OpenJDK 64-Bit Server VM (16+36) for bsd-aarch64 JRE (16+36) (Zulu16.28+11-CA), built on Mar  9 2021 03:14:09 by "zulu_re" with clang Apple LLVM 12.0.0 (clang-1200.0.32.28)

END.
